[2017-12-07 23:09:45,529] DEBUG [Controller id=0] Resigning (kafka.controller.KafkaController)
[2017-12-07 23:09:45,529] DEBUG [Controller id=0] De-registering IsrChangeNotificationListener (kafka.controller.KafkaController)
[2017-12-07 23:09:45,529] DEBUG [Controller id=0] De-registering logDirEventNotificationListener (kafka.controller.KafkaController)
[2017-12-07 23:09:45,530] INFO [PartitionStateMachine controllerId=0] Stopped partition state machine (kafka.controller.PartitionStateMachine)
[2017-12-07 23:09:45,530] INFO [ReplicaStateMachine controllerId=0] Stopped replica state machine (kafka.controller.ReplicaStateMachine)
[2017-12-07 23:09:45,530] INFO [Controller-0-to-broker-0-send-thread]: Shutting down (kafka.controller.RequestSendThread)
[2017-12-07 23:09:45,530] INFO [Controller-0-to-broker-0-send-thread]: Shutdown completed (kafka.controller.RequestSendThread)
[2017-12-07 23:09:45,531] INFO [Controller-0-to-broker-0-send-thread]: Stopped (kafka.controller.RequestSendThread)
[2017-12-07 23:09:45,534] INFO [Controller id=0] Resigned (kafka.controller.KafkaController)
[2017-12-07 23:09:45,535] INFO [Controller id=0] 0 successfully elected as the controller (kafka.controller.KafkaController)
[2017-12-07 23:09:45,535] INFO [Controller id=0] Starting become controller state transition (kafka.controller.KafkaController)
[2017-12-07 23:09:45,536] INFO [Controller id=0] Initialized controller epoch to 145 and zk version 144 (kafka.controller.KafkaController)
[2017-12-07 23:09:45,536] INFO [Controller id=0] Incremented epoch to 146 (kafka.controller.KafkaController)
[2017-12-07 23:09:45,537] DEBUG [Controller id=0] Registering IsrChangeNotificationListener (kafka.controller.KafkaController)
[2017-12-07 23:09:45,538] DEBUG [Controller id=0] Registering logDirEventNotificationListener (kafka.controller.KafkaController)
[2017-12-07 23:09:45,540] INFO [Controller id=0] Partitions being reassigned: Map() (kafka.controller.KafkaController)
[2017-12-07 23:09:45,540] INFO [Controller id=0] Partitions already reassigned: Set() (kafka.controller.KafkaController)
[2017-12-07 23:09:45,540] INFO [Controller id=0] Resuming reassignment of partitions: Map() (kafka.controller.KafkaController)
[2017-12-07 23:09:45,540] INFO [Controller id=0] Currently active brokers in the cluster: Set() (kafka.controller.KafkaController)
[2017-12-07 23:09:45,540] INFO [Controller id=0] Currently shutting brokers in the cluster: Set() (kafka.controller.KafkaController)
[2017-12-07 23:09:45,541] INFO [Controller id=0] Current list of topics in the cluster: Set(7891111, node-test, 789111199) (kafka.controller.KafkaController)
[2017-12-07 23:09:45,541] INFO [Controller id=0] List of topics to be deleted:  (kafka.controller.KafkaController)
[2017-12-07 23:09:45,541] INFO [Controller id=0] List of topics ineligible for deletion: 789111199,7891111,node-test (kafka.controller.KafkaController)
[2017-12-07 23:09:45,542] INFO [ReplicaStateMachine controllerId=0] Started replica state machine with initial state -> Map([Topic=node-test,Partition=0,Replica=0] -> ReplicaDeletionIneligible, [Topic=7891111,Partition=0,Replica=0] -> ReplicaDeletionIneligible, [Topic=789111199,Partition=0,Replica=0] -> ReplicaDeletionIneligible) (kafka.controller.ReplicaStateMachine)
[2017-12-07 23:09:45,548] INFO [PartitionStateMachine controllerId=0] Started partition state machine with initial state -> Map(789111199-0 -> OfflinePartition, 7891111-0 -> OfflinePartition, node-test-0 -> OfflinePartition) (kafka.controller.PartitionStateMachine)
[2017-12-07 23:09:45,548] INFO [Controller id=0] Ready to serve as the new controller with epoch 146 (kafka.controller.KafkaController)
[2017-12-07 23:09:45,548] INFO [Controller id=0] Partitions undergoing preferred replica election:  (kafka.controller.KafkaController)
[2017-12-07 23:09:45,548] INFO [Controller id=0] Partitions that completed preferred replica election:  (kafka.controller.KafkaController)
[2017-12-07 23:09:45,548] INFO [Controller id=0] Skipping preferred replica election for partitions due to topic deletion:  (kafka.controller.KafkaController)
[2017-12-07 23:09:45,548] INFO [Controller id=0] Resuming preferred replica election for partitions:  (kafka.controller.KafkaController)
[2017-12-07 23:09:45,548] INFO [Controller id=0] Starting preferred replica leader election for partitions  (kafka.controller.KafkaController)
[2017-12-07 23:09:45,548] INFO [PartitionStateMachine controllerId=0] Invoking state change to OnlinePartition for partitions  (kafka.controller.PartitionStateMachine)
[2017-12-07 23:09:45,549] INFO [Controller id=0] Starting the controller scheduler (kafka.controller.KafkaController)
[2017-12-07 23:09:50,536] INFO [Controller id=0] Newly added brokers: 0, deleted brokers: , all live brokers: 0 (kafka.controller.KafkaController)
[2017-12-07 23:09:50,536] DEBUG [Channel manager on controller 0]: Controller 0 trying to connect to broker 0 (kafka.controller.ControllerChannelManager)
[2017-12-07 23:09:50,538] INFO [Controller id=0] New broker startup callback for 0 (kafka.controller.KafkaController)
[2017-12-07 23:09:50,539] INFO [Controller-0-to-broker-0-send-thread]: Starting (kafka.controller.RequestSendThread)
[2017-12-07 23:09:50,540] INFO [Controller-0-to-broker-0-send-thread]: Controller 0 connected to 192.168.1.7:9092 (id: 0 rack: null) for sending state change requests (kafka.controller.RequestSendThread)
[2017-12-07 23:09:50,541] INFO [ReplicaStateMachine controllerId=0] Invoking state change to OnlineReplica for replicas [Topic=789111199,Partition=0,Replica=0],[Topic=node-test,Partition=0,Replica=0],[Topic=7891111,Partition=0,Replica=0] (kafka.controller.ReplicaStateMachine)
[2017-12-07 23:09:50,544] DEBUG [OfflinePartitionLeaderSelector]: Some broker in ISR is alive for 789111199-0. Select 0 from ISR 0 to be the leader. (kafka.controller.OfflinePartitionLeaderSelector)
[2017-12-07 23:09:50,545] INFO [OfflinePartitionLeaderSelector]: Selected new leader and ISR {"leader":0,"leader_epoch":145,"isr":[0]} for offline partition 789111199-0 (kafka.controller.OfflinePartitionLeaderSelector)
[2017-12-07 23:09:50,547] DEBUG [PartitionStateMachine controllerId=0] After leader election, leader cache for 789111199-0 is updated to (Leader:0,ISR:0,LeaderEpoch:145,ControllerEpoch:146) (kafka.controller.PartitionStateMachine)
[2017-12-07 23:09:50,547] DEBUG [OfflinePartitionLeaderSelector]: Some broker in ISR is alive for 7891111-0. Select 0 from ISR 0 to be the leader. (kafka.controller.OfflinePartitionLeaderSelector)
[2017-12-07 23:09:50,547] INFO [OfflinePartitionLeaderSelector]: Selected new leader and ISR {"leader":0,"leader_epoch":145,"isr":[0]} for offline partition 7891111-0 (kafka.controller.OfflinePartitionLeaderSelector)
[2017-12-07 23:09:50,548] DEBUG [PartitionStateMachine controllerId=0] After leader election, leader cache for 7891111-0 is updated to (Leader:0,ISR:0,LeaderEpoch:145,ControllerEpoch:146) (kafka.controller.PartitionStateMachine)
[2017-12-07 23:09:50,548] DEBUG [OfflinePartitionLeaderSelector]: Some broker in ISR is alive for node-test-0. Select 0 from ISR 0 to be the leader. (kafka.controller.OfflinePartitionLeaderSelector)
[2017-12-07 23:09:50,548] INFO [OfflinePartitionLeaderSelector]: Selected new leader and ISR {"leader":0,"leader_epoch":145,"isr":[0]} for offline partition node-test-0 (kafka.controller.OfflinePartitionLeaderSelector)
[2017-12-07 23:09:50,549] DEBUG [PartitionStateMachine controllerId=0] After leader election, leader cache for node-test-0 is updated to (Leader:0,ISR:0,LeaderEpoch:145,ControllerEpoch:146) (kafka.controller.PartitionStateMachine)
[2017-12-07 23:09:50,549] DEBUG [Controller id=0] Delete topics listener fired for topics  to be deleted (kafka.controller.KafkaController)
[2017-12-07 23:09:50,550] INFO [Controller id=0] New topics: [Set()], deleted topics: [Set()], new partition replica assignment [Map()] (kafka.controller.KafkaController)
[2017-12-07 23:09:50,551] INFO [Controller id=0] Newly added brokers: , deleted brokers: , all live brokers: 0 (kafka.controller.KafkaController)
[2017-12-07 23:09:50,554] TRACE [Controller id=0] Checking need to trigger auto leader balancing (kafka.controller.KafkaController)
[2017-12-07 23:09:50,554] DEBUG [Controller id=0] Preferred replicas by broker Map(0 -> Map(789111199-0 -> Vector(0), node-test-0 -> Vector(0), 7891111-0 -> Vector(0))) (kafka.controller.KafkaController)
[2017-12-07 23:09:50,554] DEBUG [Controller id=0] Topics not in preferred replica Map() (kafka.controller.KafkaController)
[2017-12-07 23:09:50,554] TRACE [Controller id=0] Leader imbalance ratio for broker 0 is 0.0 (kafka.controller.KafkaController)
[2017-12-07 23:38:10,978] DEBUG [Controller id=0] Resigning (kafka.controller.KafkaController)
[2017-12-07 23:38:10,978] DEBUG [Controller id=0] De-registering IsrChangeNotificationListener (kafka.controller.KafkaController)
[2017-12-07 23:38:10,978] DEBUG [Controller id=0] De-registering logDirEventNotificationListener (kafka.controller.KafkaController)
[2017-12-07 23:38:10,978] INFO [PartitionStateMachine controllerId=0] Stopped partition state machine (kafka.controller.PartitionStateMachine)
[2017-12-07 23:38:10,978] INFO [ReplicaStateMachine controllerId=0] Stopped replica state machine (kafka.controller.ReplicaStateMachine)
[2017-12-07 23:38:10,979] INFO [Controller-0-to-broker-0-send-thread]: Shutting down (kafka.controller.RequestSendThread)
[2017-12-07 23:38:10,979] INFO [Controller-0-to-broker-0-send-thread]: Stopped (kafka.controller.RequestSendThread)
[2017-12-07 23:38:10,979] INFO [Controller-0-to-broker-0-send-thread]: Shutdown completed (kafka.controller.RequestSendThread)
[2017-12-07 23:38:10,979] INFO [Controller id=0] Resigned (kafka.controller.KafkaController)
[2017-12-07 23:38:10,981] INFO [Controller id=0] 0 successfully elected as the controller (kafka.controller.KafkaController)
[2017-12-07 23:38:10,981] INFO [Controller id=0] Starting become controller state transition (kafka.controller.KafkaController)
[2017-12-07 23:38:10,981] INFO [Controller id=0] Initialized controller epoch to 146 and zk version 145 (kafka.controller.KafkaController)
[2017-12-07 23:38:10,982] INFO [Controller id=0] Incremented epoch to 147 (kafka.controller.KafkaController)
[2017-12-07 23:38:10,982] DEBUG [Controller id=0] Registering IsrChangeNotificationListener (kafka.controller.KafkaController)
[2017-12-07 23:38:10,984] DEBUG [Controller id=0] Registering logDirEventNotificationListener (kafka.controller.KafkaController)
[2017-12-07 23:38:10,986] INFO [Controller id=0] Partitions being reassigned: Map() (kafka.controller.KafkaController)
[2017-12-07 23:38:10,986] INFO [Controller id=0] Partitions already reassigned: Set() (kafka.controller.KafkaController)
[2017-12-07 23:38:10,986] INFO [Controller id=0] Resuming reassignment of partitions: Map() (kafka.controller.KafkaController)
[2017-12-07 23:38:10,986] INFO [Controller id=0] Currently active brokers in the cluster: Set() (kafka.controller.KafkaController)
[2017-12-07 23:38:10,986] INFO [Controller id=0] Currently shutting brokers in the cluster: Set() (kafka.controller.KafkaController)
[2017-12-07 23:38:10,986] INFO [Controller id=0] Current list of topics in the cluster: Set(7891111, node-test, 789111199) (kafka.controller.KafkaController)
[2017-12-07 23:38:10,986] INFO [Controller id=0] List of topics to be deleted:  (kafka.controller.KafkaController)
[2017-12-07 23:38:10,986] INFO [Controller id=0] List of topics ineligible for deletion: 789111199,7891111,node-test (kafka.controller.KafkaController)
[2017-12-07 23:38:10,987] INFO [ReplicaStateMachine controllerId=0] Started replica state machine with initial state -> Map([Topic=node-test,Partition=0,Replica=0] -> ReplicaDeletionIneligible, [Topic=7891111,Partition=0,Replica=0] -> ReplicaDeletionIneligible, [Topic=789111199,Partition=0,Replica=0] -> ReplicaDeletionIneligible) (kafka.controller.ReplicaStateMachine)
[2017-12-07 23:38:10,989] INFO [PartitionStateMachine controllerId=0] Started partition state machine with initial state -> Map(789111199-0 -> OfflinePartition, 7891111-0 -> OfflinePartition, node-test-0 -> OfflinePartition) (kafka.controller.PartitionStateMachine)
[2017-12-07 23:38:10,990] INFO [Controller id=0] Ready to serve as the new controller with epoch 147 (kafka.controller.KafkaController)
[2017-12-07 23:38:10,990] INFO [Controller id=0] Partitions undergoing preferred replica election:  (kafka.controller.KafkaController)
[2017-12-07 23:38:10,990] INFO [Controller id=0] Partitions that completed preferred replica election:  (kafka.controller.KafkaController)
[2017-12-07 23:38:10,990] INFO [Controller id=0] Skipping preferred replica election for partitions due to topic deletion:  (kafka.controller.KafkaController)
[2017-12-07 23:38:10,990] INFO [Controller id=0] Resuming preferred replica election for partitions:  (kafka.controller.KafkaController)
[2017-12-07 23:38:10,990] INFO [Controller id=0] Starting preferred replica leader election for partitions  (kafka.controller.KafkaController)
[2017-12-07 23:38:10,990] INFO [PartitionStateMachine controllerId=0] Invoking state change to OnlinePartition for partitions  (kafka.controller.PartitionStateMachine)
[2017-12-07 23:38:10,991] INFO [Controller id=0] Starting the controller scheduler (kafka.controller.KafkaController)
[2017-12-07 23:38:15,996] TRACE [Controller id=0] Checking need to trigger auto leader balancing (kafka.controller.KafkaController)
[2017-12-07 23:38:15,996] DEBUG [Controller id=0] Preferred replicas by broker Map(0 -> Map(789111199-0 -> Vector(0), 7891111-0 -> Vector(0), node-test-0 -> Vector(0))) (kafka.controller.KafkaController)
[2017-12-07 23:38:15,996] DEBUG [Controller id=0] Topics not in preferred replica Map() (kafka.controller.KafkaController)
[2017-12-07 23:38:15,996] TRACE [Controller id=0] Leader imbalance ratio for broker 0 is 0.0 (kafka.controller.KafkaController)
[2017-12-07 23:38:20,995] INFO [Controller id=0] Newly added brokers: 0, deleted brokers: , all live brokers: 0 (kafka.controller.KafkaController)
[2017-12-07 23:38:20,995] DEBUG [Channel manager on controller 0]: Controller 0 trying to connect to broker 0 (kafka.controller.ControllerChannelManager)
[2017-12-07 23:38:20,996] INFO [Controller id=0] New broker startup callback for 0 (kafka.controller.KafkaController)
[2017-12-07 23:38:20,997] INFO [Controller-0-to-broker-0-send-thread]: Starting (kafka.controller.RequestSendThread)
[2017-12-07 23:38:20,997] INFO [ReplicaStateMachine controllerId=0] Invoking state change to OnlineReplica for replicas [Topic=789111199,Partition=0,Replica=0],[Topic=node-test,Partition=0,Replica=0],[Topic=7891111,Partition=0,Replica=0] (kafka.controller.ReplicaStateMachine)
[2017-12-07 23:38:20,998] DEBUG [OfflinePartitionLeaderSelector]: Some broker in ISR is alive for 789111199-0. Select 0 from ISR 0 to be the leader. (kafka.controller.OfflinePartitionLeaderSelector)
[2017-12-07 23:38:20,998] INFO [OfflinePartitionLeaderSelector]: Selected new leader and ISR {"leader":0,"leader_epoch":146,"isr":[0]} for offline partition 789111199-0 (kafka.controller.OfflinePartitionLeaderSelector)
[2017-12-07 23:38:20,999] DEBUG [PartitionStateMachine controllerId=0] After leader election, leader cache for 789111199-0 is updated to (Leader:0,ISR:0,LeaderEpoch:146,ControllerEpoch:147) (kafka.controller.PartitionStateMachine)
[2017-12-07 23:38:21,000] DEBUG [OfflinePartitionLeaderSelector]: Some broker in ISR is alive for 7891111-0. Select 0 from ISR 0 to be the leader. (kafka.controller.OfflinePartitionLeaderSelector)
[2017-12-07 23:38:21,000] INFO [OfflinePartitionLeaderSelector]: Selected new leader and ISR {"leader":0,"leader_epoch":146,"isr":[0]} for offline partition 7891111-0 (kafka.controller.OfflinePartitionLeaderSelector)
[2017-12-07 23:38:21,000] DEBUG [PartitionStateMachine controllerId=0] After leader election, leader cache for 7891111-0 is updated to (Leader:0,ISR:0,LeaderEpoch:146,ControllerEpoch:147) (kafka.controller.PartitionStateMachine)
[2017-12-07 23:38:21,001] DEBUG [OfflinePartitionLeaderSelector]: Some broker in ISR is alive for node-test-0. Select 0 from ISR 0 to be the leader. (kafka.controller.OfflinePartitionLeaderSelector)
[2017-12-07 23:38:21,001] INFO [OfflinePartitionLeaderSelector]: Selected new leader and ISR {"leader":0,"leader_epoch":146,"isr":[0]} for offline partition node-test-0 (kafka.controller.OfflinePartitionLeaderSelector)
[2017-12-07 23:38:21,002] DEBUG [PartitionStateMachine controllerId=0] After leader election, leader cache for node-test-0 is updated to (Leader:0,ISR:0,LeaderEpoch:146,ControllerEpoch:147) (kafka.controller.PartitionStateMachine)
[2017-12-07 23:38:21,002] DEBUG [Controller id=0] Delete topics listener fired for topics  to be deleted (kafka.controller.KafkaController)
[2017-12-07 23:38:21,002] INFO [Controller id=0] New topics: [Set()], deleted topics: [Set()], new partition replica assignment [Map()] (kafka.controller.KafkaController)
[2017-12-07 23:38:21,004] INFO [Controller id=0] Newly added brokers: , deleted brokers: , all live brokers: 0 (kafka.controller.KafkaController)
[2017-12-07 23:42:21,708] DEBUG [Controller id=0] Resigning (kafka.controller.KafkaController)
[2017-12-07 23:42:21,709] DEBUG [Controller id=0] De-registering IsrChangeNotificationListener (kafka.controller.KafkaController)
[2017-12-07 23:42:21,709] DEBUG [Controller id=0] De-registering logDirEventNotificationListener (kafka.controller.KafkaController)
[2017-12-07 23:42:21,709] INFO [PartitionStateMachine controllerId=0] Stopped partition state machine (kafka.controller.PartitionStateMachine)
[2017-12-07 23:42:21,709] INFO [ReplicaStateMachine controllerId=0] Stopped replica state machine (kafka.controller.ReplicaStateMachine)
[2017-12-07 23:42:21,709] INFO [Controller-0-to-broker-0-send-thread]: Shutting down (kafka.controller.RequestSendThread)
[2017-12-07 23:42:21,710] WARN [Controller-0-to-broker-0-send-thread]: Controller 0's connection to broker fe80:0:0:0:b4fd:feff:fec9:c69c%9:9092 (id: 0 rack: null) was unsuccessful (kafka.controller.RequestSendThread)
java.net.SocketTimeoutException: Failed to connect within 30000 ms
	at kafka.controller.RequestSendThread.brokerReady(ControllerChannelManager.scala:270)
	at kafka.controller.RequestSendThread.doWork(ControllerChannelManager.scala:223)
	at kafka.utils.ShutdownableThread.run(ShutdownableThread.scala:64)
[2017-12-07 23:42:21,710] INFO [Controller-0-to-broker-0-send-thread]: Stopped (kafka.controller.RequestSendThread)
[2017-12-07 23:42:21,710] INFO [Controller-0-to-broker-0-send-thread]: Shutdown completed (kafka.controller.RequestSendThread)
[2017-12-07 23:42:21,713] INFO [Controller id=0] Resigned (kafka.controller.KafkaController)
[2017-12-07 23:42:21,722] INFO [Controller id=0] 0 successfully elected as the controller (kafka.controller.KafkaController)
[2017-12-07 23:42:21,722] INFO [Controller id=0] Starting become controller state transition (kafka.controller.KafkaController)
[2017-12-07 23:42:21,723] INFO [Controller id=0] Initialized controller epoch to 147 and zk version 146 (kafka.controller.KafkaController)
[2017-12-07 23:42:21,723] INFO [Controller id=0] Incremented epoch to 148 (kafka.controller.KafkaController)
[2017-12-07 23:42:21,725] DEBUG [Controller id=0] Registering IsrChangeNotificationListener (kafka.controller.KafkaController)
[2017-12-07 23:42:21,728] DEBUG [Controller id=0] Registering logDirEventNotificationListener (kafka.controller.KafkaController)
[2017-12-07 23:42:21,731] INFO [Controller id=0] Partitions being reassigned: Map() (kafka.controller.KafkaController)
[2017-12-07 23:42:21,731] INFO [Controller id=0] Partitions already reassigned: Set() (kafka.controller.KafkaController)
[2017-12-07 23:42:21,731] INFO [Controller id=0] Resuming reassignment of partitions: Map() (kafka.controller.KafkaController)
[2017-12-07 23:42:21,731] INFO [Controller id=0] Currently active brokers in the cluster: Set() (kafka.controller.KafkaController)
[2017-12-07 23:42:21,731] INFO [Controller id=0] Currently shutting brokers in the cluster: Set() (kafka.controller.KafkaController)
[2017-12-07 23:42:21,731] INFO [Controller id=0] Current list of topics in the cluster: Set(7891111, node-test, 789111199) (kafka.controller.KafkaController)
[2017-12-07 23:42:21,731] INFO [Controller id=0] List of topics to be deleted:  (kafka.controller.KafkaController)
[2017-12-07 23:42:21,731] INFO [Controller id=0] List of topics ineligible for deletion: 789111199,7891111,node-test (kafka.controller.KafkaController)
[2017-12-07 23:42:21,732] INFO [ReplicaStateMachine controllerId=0] Started replica state machine with initial state -> Map([Topic=node-test,Partition=0,Replica=0] -> ReplicaDeletionIneligible, [Topic=7891111,Partition=0,Replica=0] -> ReplicaDeletionIneligible, [Topic=789111199,Partition=0,Replica=0] -> ReplicaDeletionIneligible) (kafka.controller.ReplicaStateMachine)
[2017-12-07 23:42:21,739] INFO [PartitionStateMachine controllerId=0] Started partition state machine with initial state -> Map(789111199-0 -> OfflinePartition, 7891111-0 -> OfflinePartition, node-test-0 -> OfflinePartition) (kafka.controller.PartitionStateMachine)
[2017-12-07 23:42:21,742] INFO [Controller id=0] Ready to serve as the new controller with epoch 148 (kafka.controller.KafkaController)
[2017-12-07 23:42:21,742] INFO [Controller id=0] Partitions undergoing preferred replica election:  (kafka.controller.KafkaController)
[2017-12-07 23:42:21,742] INFO [Controller id=0] Partitions that completed preferred replica election:  (kafka.controller.KafkaController)
[2017-12-07 23:42:21,742] INFO [Controller id=0] Skipping preferred replica election for partitions due to topic deletion:  (kafka.controller.KafkaController)
[2017-12-07 23:42:21,742] INFO [Controller id=0] Resuming preferred replica election for partitions:  (kafka.controller.KafkaController)
[2017-12-07 23:42:21,742] INFO [Controller id=0] Starting preferred replica leader election for partitions  (kafka.controller.KafkaController)
[2017-12-07 23:42:21,742] INFO [PartitionStateMachine controllerId=0] Invoking state change to OnlinePartition for partitions  (kafka.controller.PartitionStateMachine)
[2017-12-07 23:42:21,743] INFO [Controller id=0] Starting the controller scheduler (kafka.controller.KafkaController)
[2017-12-07 23:42:26,720] INFO [Controller id=0] Newly added brokers: 0, deleted brokers: , all live brokers: 0 (kafka.controller.KafkaController)
[2017-12-07 23:42:26,720] DEBUG [Channel manager on controller 0]: Controller 0 trying to connect to broker 0 (kafka.controller.ControllerChannelManager)
[2017-12-07 23:42:26,721] INFO [Controller id=0] New broker startup callback for 0 (kafka.controller.KafkaController)
[2017-12-07 23:42:26,721] INFO [Controller-0-to-broker-0-send-thread]: Starting (kafka.controller.RequestSendThread)
[2017-12-07 23:42:26,722] INFO [ReplicaStateMachine controllerId=0] Invoking state change to OnlineReplica for replicas [Topic=789111199,Partition=0,Replica=0],[Topic=node-test,Partition=0,Replica=0],[Topic=7891111,Partition=0,Replica=0] (kafka.controller.ReplicaStateMachine)
[2017-12-07 23:42:26,722] INFO [Controller-0-to-broker-0-send-thread]: Controller 0 connected to 192.168.0.102:9092 (id: 0 rack: null) for sending state change requests (kafka.controller.RequestSendThread)
[2017-12-07 23:42:26,723] DEBUG [OfflinePartitionLeaderSelector]: Some broker in ISR is alive for 789111199-0. Select 0 from ISR 0 to be the leader. (kafka.controller.OfflinePartitionLeaderSelector)
[2017-12-07 23:42:26,723] INFO [OfflinePartitionLeaderSelector]: Selected new leader and ISR {"leader":0,"leader_epoch":147,"isr":[0]} for offline partition 789111199-0 (kafka.controller.OfflinePartitionLeaderSelector)
[2017-12-07 23:42:26,724] DEBUG [PartitionStateMachine controllerId=0] After leader election, leader cache for 789111199-0 is updated to (Leader:0,ISR:0,LeaderEpoch:147,ControllerEpoch:148) (kafka.controller.PartitionStateMachine)
[2017-12-07 23:42:26,724] DEBUG [OfflinePartitionLeaderSelector]: Some broker in ISR is alive for 7891111-0. Select 0 from ISR 0 to be the leader. (kafka.controller.OfflinePartitionLeaderSelector)
[2017-12-07 23:42:26,724] INFO [OfflinePartitionLeaderSelector]: Selected new leader and ISR {"leader":0,"leader_epoch":147,"isr":[0]} for offline partition 7891111-0 (kafka.controller.OfflinePartitionLeaderSelector)
[2017-12-07 23:42:26,725] DEBUG [PartitionStateMachine controllerId=0] After leader election, leader cache for 7891111-0 is updated to (Leader:0,ISR:0,LeaderEpoch:147,ControllerEpoch:148) (kafka.controller.PartitionStateMachine)
[2017-12-07 23:42:26,726] DEBUG [OfflinePartitionLeaderSelector]: Some broker in ISR is alive for node-test-0. Select 0 from ISR 0 to be the leader. (kafka.controller.OfflinePartitionLeaderSelector)
[2017-12-07 23:42:26,727] INFO [OfflinePartitionLeaderSelector]: Selected new leader and ISR {"leader":0,"leader_epoch":147,"isr":[0]} for offline partition node-test-0 (kafka.controller.OfflinePartitionLeaderSelector)
[2017-12-07 23:42:26,727] DEBUG [PartitionStateMachine controllerId=0] After leader election, leader cache for node-test-0 is updated to (Leader:0,ISR:0,LeaderEpoch:147,ControllerEpoch:148) (kafka.controller.PartitionStateMachine)
[2017-12-07 23:42:26,728] DEBUG [Controller id=0] Delete topics listener fired for topics  to be deleted (kafka.controller.KafkaController)
[2017-12-07 23:42:26,728] INFO [Controller id=0] New topics: [Set()], deleted topics: [Set()], new partition replica assignment [Map()] (kafka.controller.KafkaController)
[2017-12-07 23:42:26,730] INFO [Controller id=0] Newly added brokers: , deleted brokers: , all live brokers: 0 (kafka.controller.KafkaController)
[2017-12-07 23:42:26,748] TRACE [Controller id=0] Checking need to trigger auto leader balancing (kafka.controller.KafkaController)
[2017-12-07 23:42:26,748] DEBUG [Controller id=0] Preferred replicas by broker Map(0 -> Map(789111199-0 -> Vector(0), node-test-0 -> Vector(0), 7891111-0 -> Vector(0))) (kafka.controller.KafkaController)
[2017-12-07 23:42:26,748] DEBUG [Controller id=0] Topics not in preferred replica Map() (kafka.controller.KafkaController)
[2017-12-07 23:42:26,748] TRACE [Controller id=0] Leader imbalance ratio for broker 0 is 0.0 (kafka.controller.KafkaController)
[2017-12-07 23:47:26,752] TRACE [Controller id=0] Checking need to trigger auto leader balancing (kafka.controller.KafkaController)
[2017-12-07 23:47:26,757] DEBUG [Controller id=0] Preferred replicas by broker Map(0 -> Map(789111199-0 -> Vector(0), node-test-0 -> Vector(0), 7891111-0 -> Vector(0))) (kafka.controller.KafkaController)
[2017-12-07 23:47:26,757] DEBUG [Controller id=0] Topics not in preferred replica Map() (kafka.controller.KafkaController)
[2017-12-07 23:47:26,758] TRACE [Controller id=0] Leader imbalance ratio for broker 0 is 0.0 (kafka.controller.KafkaController)
[2017-12-07 23:52:26,764] TRACE [Controller id=0] Checking need to trigger auto leader balancing (kafka.controller.KafkaController)
[2017-12-07 23:52:26,768] DEBUG [Controller id=0] Preferred replicas by broker Map(0 -> Map(789111199-0 -> Vector(0), node-test-0 -> Vector(0), 7891111-0 -> Vector(0))) (kafka.controller.KafkaController)
[2017-12-07 23:52:26,768] DEBUG [Controller id=0] Topics not in preferred replica Map() (kafka.controller.KafkaController)
[2017-12-07 23:52:26,769] TRACE [Controller id=0] Leader imbalance ratio for broker 0 is 0.0 (kafka.controller.KafkaController)
[2017-12-07 23:57:26,773] TRACE [Controller id=0] Checking need to trigger auto leader balancing (kafka.controller.KafkaController)
[2017-12-07 23:57:26,778] DEBUG [Controller id=0] Preferred replicas by broker Map(0 -> Map(789111199-0 -> Vector(0), node-test-0 -> Vector(0), 7891111-0 -> Vector(0))) (kafka.controller.KafkaController)
[2017-12-07 23:57:26,778] DEBUG [Controller id=0] Topics not in preferred replica Map() (kafka.controller.KafkaController)
[2017-12-07 23:57:26,779] TRACE [Controller id=0] Leader imbalance ratio for broker 0 is 0.0 (kafka.controller.KafkaController)
